{
  "start": "2022-05-04T16:48:25.771Z",
  "end": "2022-05-04T16:48:38.699Z",
  "capabilities": {
    "acceptInsecureCerts": false,
    "browserName": "chrome",
    "browserVersion": "101.0.4951.41",
    "chrome": {
      "chromedriverVersion": "101.0.4951.41 (93c720db8323b3ec10d056025ab95c23a31997c9-refs/branch-heads/4951@{#904})",
      "userDataDir": "/var/folders/zz/zyxvpxvq6csfxvn_n0000000000000/T/.com.google.Chrome.NYUmxV"
    },
    "goog:chromeOptions": {
      "debuggerAddress": "localhost:53587"
    },
    "networkConnectionEnabled": false,
    "pageLoadStrategy": "eager",
    "platformName": "mac os x",
    "proxy": {},
    "setWindowRect": true,
    "strictFileInteractability": false,
    "timeouts": {
      "implicit": 0,
      "pageLoad": 300000,
      "script": 30000
    },
    "unhandledPromptBehavior": "dismiss and notify",
    "webauthn:extension:credBlob": true,
    "webauthn:extension:largeBlob": true,
    "webauthn:virtualAuthenticators": true,
    "sessionId": "4ba13b3f919ceb06bf20417d418c63b5"
  },
  "host": "localhost",
  "port": 9515,
  "baseUrl": "https://localhost.adobe.com:8080/new",
  "framework": "mocha",
  "duration": 12928,
  "suites": [
    {
      "title": "Project X: landing page loads properly without blank white screen",
      "duration": 12128,
      "start": "2022-05-04T16:48:25.774Z",
      "end": "2022-05-04T16:48:37.902Z",
      "tests": [
        {
          "title": "should land on Project X Canvas page",
          "start": "2022-05-04T16:48:25.775Z",
          "end": "2022-05-04T16:48:36.221Z",
          "duration": 10446,
          "state": "passed",
          "screenshots": [
            "/Users/canvas/Documents/Projects/hz/apps/project-x/e2e/results/html/file-1651682916219.jpeg"
          ]
        },
        {
          "title": "should have all asset category tools displayed properly on Project X Canvas page",
          "start": "2022-05-04T16:48:36.222Z",
          "end": "2022-05-04T16:48:37.900Z",
          "duration": 1678,
          "state": "passed",
          "screenshots": [
            "/Users/canvas/Documents/Projects/hz/apps/project-x/e2e/results/html/file-1651682917899.jpeg"
          ]
        }
      ],
      "hooks": []
    }
  ],
  "specs": [
    "/Users/canvas/Documents/Projects/hz/apps/project-x/e2e/src/specs/x.landing.page.render.spec.ts"
  ],
  "state": {
    "passed": 2,
    "failed": 0,
    "skipped": 0
  }
}