{
  "start": "2022-05-04T16:48:54.033Z",
  "end": "2022-05-04T16:49:54.032Z",
  "capabilities": {
    "acceptInsecureCerts": false,
    "browserName": "chrome",
    "browserVersion": "101.0.4951.41",
    "chrome": {
      "chromedriverVersion": "101.0.4951.41 (93c720db8323b3ec10d056025ab95c23a31997c9-refs/branch-heads/4951@{#904})",
      "userDataDir": "/var/folders/zz/zyxvpxvq6csfxvn_n0000000000000/T/.com.google.Chrome.GYnKDX"
    },
    "goog:chromeOptions": {
      "debuggerAddress": "localhost:53797"
    },
    "networkConnectionEnabled": false,
    "pageLoadStrategy": "eager",
    "platformName": "mac os x",
    "proxy": {},
    "setWindowRect": true,
    "strictFileInteractability": false,
    "timeouts": {
      "implicit": 0,
      "pageLoad": 300000,
      "script": 30000
    },
    "unhandledPromptBehavior": "dismiss and notify",
    "webauthn:extension:credBlob": true,
    "webauthn:extension:largeBlob": true,
    "webauthn:virtualAuthenticators": true,
    "sessionId": "2c2ed1c71e07815dcb958734637186d3"
  },
  "host": "localhost",
  "port": 9515,
  "baseUrl": "https://localhost.adobe.com:8080/new",
  "framework": "mocha",
  "duration": 59999,
  "suites": [
    {
      "title": "Project X: Undo-Redo",
      "duration": 59057,
      "start": "2022-05-04T16:48:54.036Z",
      "end": "2022-05-04T16:49:53.093Z",
      "tests": [
        {
          "title": "should land on Project X Canvas page",
          "start": "2022-05-04T16:48:54.037Z",
          "end": "2022-05-04T16:49:11.996Z",
          "duration": 17959,
          "state": "passed",
          "screenshots": [
            "/Users/canvas/Documents/Projects/hz/apps/project-x/e2e/results/html/file-1651682951995.jpeg"
          ]
        },
        {
          "title": "should add a rectangle and perform undo-redo",
          "start": "2022-05-04T16:49:11.996Z",
          "end": "2022-05-04T16:49:19.546Z",
          "duration": 7550,
          "state": "passed",
          "screenshots": [
            "/Users/canvas/Documents/Projects/hz/apps/project-x/e2e/results/html/file-1651682952908.jpeg",
            "/Users/canvas/Documents/Projects/hz/apps/project-x/e2e/results/html/file-1651682955261.jpeg",
            "/Users/canvas/Documents/Projects/hz/apps/project-x/e2e/results/html/file-1651682956875.jpeg",
            "/Users/canvas/Documents/Projects/hz/apps/project-x/e2e/results/html/file-1651682958584.jpeg",
            "/Users/canvas/Documents/Projects/hz/apps/project-x/e2e/results/html/file-1651682959544.jpeg"
          ]
        },
        {
          "title": "should add a ellipse and perform undo-redo",
          "start": "2022-05-04T16:49:19.547Z",
          "end": "2022-05-04T16:49:31.159Z",
          "duration": 11612,
          "state": "passed",
          "screenshots": [
            "/Users/canvas/Documents/Projects/hz/apps/project-x/e2e/results/html/file-1651682960459.jpeg",
            "/Users/canvas/Documents/Projects/hz/apps/project-x/e2e/results/html/file-1651682962830.jpeg",
            "/Users/canvas/Documents/Projects/hz/apps/project-x/e2e/results/html/file-1651682964394.jpeg",
            "/Users/canvas/Documents/Projects/hz/apps/project-x/e2e/results/html/file-1651682966390.jpeg",
            "/Users/canvas/Documents/Projects/hz/apps/project-x/e2e/results/html/file-1651682968143.jpeg",
            "/Users/canvas/Documents/Projects/hz/apps/project-x/e2e/results/html/file-1651682969734.jpeg",
            "/Users/canvas/Documents/Projects/hz/apps/project-x/e2e/results/html/file-1651682971158.jpeg"
          ]
        },
        {
          "title": "should add a line and perform undo-redo",
          "start": "2022-05-04T16:49:31.160Z",
          "end": "2022-05-04T16:49:46.799Z",
          "duration": 15639,
          "state": "passed",
          "screenshots": [
            "/Users/canvas/Documents/Projects/hz/apps/project-x/e2e/results/html/file-1651682972065.jpeg",
            "/Users/canvas/Documents/Projects/hz/apps/project-x/e2e/results/html/file-1651682974374.jpeg",
            "/Users/canvas/Documents/Projects/hz/apps/project-x/e2e/results/html/file-1651682975946.jpeg",
            "/Users/canvas/Documents/Projects/hz/apps/project-x/e2e/results/html/file-1651682977942.jpeg",
            "/Users/canvas/Documents/Projects/hz/apps/project-x/e2e/results/html/file-1651682979996.jpeg",
            "/Users/canvas/Documents/Projects/hz/apps/project-x/e2e/results/html/file-1651682981724.jpeg",
            "/Users/canvas/Documents/Projects/hz/apps/project-x/e2e/results/html/file-1651682983304.jpeg",
            "/Users/canvas/Documents/Projects/hz/apps/project-x/e2e/results/html/file-1651682985335.jpeg",
            "/Users/canvas/Documents/Projects/hz/apps/project-x/e2e/results/html/file-1651682986798.jpeg"
          ]
        }
      ],
      "hooks": [
        {
          "start": "2022-05-04T16:49:46.801Z",
          "end": "2022-05-04T16:49:53.092Z",
          "duration": 6291,
          "title": "\"after all\" hook for Project X: Undo-Redo",
          "associatedSuite": "Project X: Undo-Redo"
        }
      ]
    }
  ],
  "specs": [
    "/Users/canvas/Documents/Projects/hz/apps/project-x/e2e/src/specs/x.undo.redo.spec.ts"
  ],
  "state": {
    "passed": 4,
    "failed": 0,
    "skipped": 0
  }
}