{
  "start": "2022-05-04T16:46:01.760Z",
  "end": "2022-05-04T16:46:32.264Z",
  "capabilities": {
    "acceptInsecureCerts": false,
    "browserName": "chrome",
    "browserVersion": "101.0.4951.41",
    "chrome": {
      "chromedriverVersion": "101.0.4951.41 (93c720db8323b3ec10d056025ab95c23a31997c9-refs/branch-heads/4951@{#904})",
      "userDataDir": "/var/folders/zz/zyxvpxvq6csfxvn_n0000000000000/T/.com.google.Chrome.jEbzNa"
    },
    "goog:chromeOptions": {
      "debuggerAddress": "localhost:52550"
    },
    "networkConnectionEnabled": false,
    "pageLoadStrategy": "eager",
    "platformName": "mac os x",
    "proxy": {},
    "setWindowRect": true,
    "strictFileInteractability": false,
    "timeouts": {
      "implicit": 0,
      "pageLoad": 300000,
      "script": 30000
    },
    "unhandledPromptBehavior": "dismiss and notify",
    "webauthn:extension:credBlob": true,
    "webauthn:extension:largeBlob": true,
    "webauthn:virtualAuthenticators": true,
    "sessionId": "5aded65a6488f0fac7e54cd5feac9168"
  },
  "host": "localhost",
  "port": 9515,
  "baseUrl": "https://localhost.adobe.com:8080/new",
  "framework": "mocha",
  "duration": 30504,
  "suites": [
    {
      "title": "Project X: Add text and change alignment",
      "duration": 29661,
      "start": "2022-05-04T16:46:01.764Z",
      "end": "2022-05-04T16:46:31.425Z",
      "tests": [
        {
          "title": "should land on Project X Canvas page",
          "start": "2022-05-04T16:46:01.764Z",
          "end": "2022-05-04T16:46:19.731Z",
          "duration": 17967,
          "state": "passed",
          "screenshots": [
            "/Users/canvas/Documents/Projects/hz/apps/project-x/e2e/results/html/file-1651682779730.jpeg"
          ]
        },
        {
          "title": "should add text to Canvas",
          "start": "2022-05-04T16:46:19.731Z",
          "end": "2022-05-04T16:46:25.408Z",
          "duration": 5677,
          "state": "passed",
          "screenshots": [
            "/Users/canvas/Documents/Projects/hz/apps/project-x/e2e/results/html/file-1651682785407.jpeg"
          ]
        },
        {
          "title": "should align left the text ",
          "start": "2022-05-04T16:46:25.408Z",
          "duration": 0,
          "state": "skipped"
        },
        {
          "title": "should align center the text ",
          "start": "2022-05-04T16:46:25.408Z",
          "duration": 0,
          "state": "skipped"
        },
        {
          "title": "should align right the text ",
          "start": "2022-05-04T16:46:25.408Z",
          "duration": 0,
          "state": "skipped"
        }
      ],
      "hooks": [
        {
          "start": "2022-05-04T16:46:25.408Z",
          "end": "2022-05-04T16:46:31.425Z",
          "duration": 6017,
          "title": "\"after all\" hook for Project X: Add text and change alignment",
          "associatedSuite": "Project X: Add text and change alignment"
        }
      ]
    }
  ],
  "specs": [
    "/Users/canvas/Documents/Projects/hz/apps/project-x/e2e/src/specs/x.change.text.alignment.spec.ts"
  ],
  "state": {
    "passed": 2,
    "failed": 0,
    "skipped": 3
  }
}