{
  "start": "2022-05-04T16:47:37.563Z",
  "end": "2022-05-04T16:48:07.376Z",
  "capabilities": {
    "acceptInsecureCerts": false,
    "browserName": "chrome",
    "browserVersion": "101.0.4951.41",
    "chrome": {
      "chromedriverVersion": "101.0.4951.41 (93c720db8323b3ec10d056025ab95c23a31997c9-refs/branch-heads/4951@{#904})",
      "userDataDir": "/var/folders/zz/zyxvpxvq6csfxvn_n0000000000000/T/.com.google.Chrome.MV5irt"
    },
    "goog:chromeOptions": {
      "debuggerAddress": "localhost:53244"
    },
    "networkConnectionEnabled": false,
    "pageLoadStrategy": "eager",
    "platformName": "mac os x",
    "proxy": {},
    "setWindowRect": true,
    "strictFileInteractability": false,
    "timeouts": {
      "implicit": 0,
      "pageLoad": 300000,
      "script": 30000
    },
    "unhandledPromptBehavior": "dismiss and notify",
    "webauthn:extension:credBlob": true,
    "webauthn:extension:largeBlob": true,
    "webauthn:virtualAuthenticators": true,
    "sessionId": "edc593d7a52c11453531e7a4f1c09878"
  },
  "host": "localhost",
  "port": 9515,
  "baseUrl": "https://localhost.adobe.com:8080/new",
  "framework": "mocha",
  "duration": 29813,
  "suites": [
    {
      "title": "Project X: Change Element Properties",
      "duration": 28889,
      "start": "2022-05-04T16:47:37.566Z",
      "end": "2022-05-04T16:48:06.455Z",
      "tests": [
        {
          "title": "should land on Project X Canvas page",
          "start": "2022-05-04T16:47:37.567Z",
          "end": "2022-05-04T16:47:55.685Z",
          "duration": 18118,
          "state": "passed",
          "screenshots": [
            "/Users/canvas/Documents/Projects/hz/apps/project-x/e2e/results/html/file-1651682875684.jpeg"
          ]
        },
        {
          "title": "should add a rectangle to Canvas",
          "start": "2022-05-04T16:47:55.685Z",
          "end": "2022-05-04T16:47:56.296Z",
          "duration": 611,
          "state": "passed",
          "screenshots": [
            "/Users/canvas/Documents/Projects/hz/apps/project-x/e2e/results/html/file-1651682876296.jpeg"
          ]
        },
        {
          "title": "should change fill color",
          "start": "2022-05-04T16:47:56.297Z",
          "end": "2022-05-04T16:47:57.764Z",
          "duration": 1467,
          "state": "passed",
          "screenshots": [
            "/Users/canvas/Documents/Projects/hz/apps/project-x/e2e/results/html/file-1651682877763.jpeg"
          ]
        },
        {
          "title": "should change opacity",
          "start": "2022-05-04T16:47:57.764Z",
          "end": "2022-05-04T16:47:58.209Z",
          "duration": 445,
          "state": "passed",
          "screenshots": [
            "/Users/canvas/Documents/Projects/hz/apps/project-x/e2e/results/html/file-1651682878208.jpeg"
          ]
        },
        {
          "title": "should change border color",
          "start": "2022-05-04T16:47:58.209Z",
          "end": "2022-05-04T16:47:59.669Z",
          "duration": 1460,
          "state": "passed",
          "screenshots": [
            "/Users/canvas/Documents/Projects/hz/apps/project-x/e2e/results/html/file-1651682879669.jpeg"
          ]
        },
        {
          "title": "should change stroke thickness",
          "start": "2022-05-04T16:47:59.669Z",
          "end": "2022-05-04T16:48:00.082Z",
          "duration": 413,
          "state": "passed",
          "screenshots": [
            "/Users/canvas/Documents/Projects/hz/apps/project-x/e2e/results/html/file-1651682880082.jpeg"
          ]
        }
      ],
      "hooks": [
        {
          "start": "2022-05-04T16:48:00.083Z",
          "end": "2022-05-04T16:48:06.455Z",
          "duration": 6372,
          "title": "\"after all\" hook for Project X: Change Element Properties",
          "associatedSuite": "Project X: Change Element Properties"
        }
      ]
    }
  ],
  "specs": [
    "/Users/canvas/Documents/Projects/hz/apps/project-x/e2e/src/specs/x.elements.change.color.spec.ts"
  ],
  "state": {
    "passed": 6,
    "failed": 0,
    "skipped": 0
  }
}