{
  "start": "2022-05-04T16:46:49.868Z",
  "end": "2022-05-04T16:47:23.074Z",
  "capabilities": {
    "acceptInsecureCerts": false,
    "browserName": "chrome",
    "browserVersion": "101.0.4951.41",
    "chrome": {
      "chromedriverVersion": "101.0.4951.41 (93c720db8323b3ec10d056025ab95c23a31997c9-refs/branch-heads/4951@{#904})",
      "userDataDir": "/var/folders/zz/zyxvpxvq6csfxvn_n0000000000000/T/.com.google.Chrome.zmTBla"
    },
    "goog:chromeOptions": {
      "debuggerAddress": "localhost:52889"
    },
    "networkConnectionEnabled": false,
    "pageLoadStrategy": "eager",
    "platformName": "mac os x",
    "proxy": {},
    "setWindowRect": true,
    "strictFileInteractability": false,
    "timeouts": {
      "implicit": 0,
      "pageLoad": 300000,
      "script": 30000
    },
    "unhandledPromptBehavior": "dismiss and notify",
    "webauthn:extension:credBlob": true,
    "webauthn:extension:largeBlob": true,
    "webauthn:virtualAuthenticators": true,
    "sessionId": "456472a0be20e7cdd0f95ad759ccfecd"
  },
  "host": "localhost",
  "port": 9515,
  "baseUrl": "https://localhost.adobe.com:8080/new",
  "framework": "mocha",
  "duration": 33206,
  "suites": [
    {
      "title": "Project X: Add text and modify properties",
      "duration": 32355,
      "start": "2022-05-04T16:46:49.872Z",
      "end": "2022-05-04T16:47:22.227Z",
      "tests": [
        {
          "title": "should land on Project X Canvas page",
          "start": "2022-05-04T16:46:49.872Z",
          "end": "2022-05-04T16:47:07.861Z",
          "duration": 17989,
          "state": "passed",
          "screenshots": [
            "/Users/canvas/Documents/Projects/hz/apps/project-x/e2e/results/html/file-1651682827860.jpeg"
          ]
        },
        {
          "title": "should add text to Canvas",
          "start": "2022-05-04T16:47:07.861Z",
          "end": "2022-05-04T16:47:12.513Z",
          "duration": 4652,
          "state": "passed",
          "screenshots": [
            "/Users/canvas/Documents/Projects/hz/apps/project-x/e2e/results/html/file-1651682832512.jpeg"
          ]
        },
        {
          "title": "should change fill color",
          "start": "2022-05-04T16:47:12.513Z",
          "end": "2022-05-04T16:47:14.086Z",
          "duration": 1573,
          "state": "passed",
          "screenshots": [
            "/Users/canvas/Documents/Projects/hz/apps/project-x/e2e/results/html/file-1651682834085.jpeg"
          ]
        },
        {
          "title": "should change opacity",
          "start": "2022-05-04T16:47:14.086Z",
          "end": "2022-05-04T16:47:14.605Z",
          "duration": 519,
          "state": "passed",
          "screenshots": [
            "/Users/canvas/Documents/Projects/hz/apps/project-x/e2e/results/html/file-1651682834605.jpeg"
          ]
        },
        {
          "title": "should underline text",
          "start": "2022-05-04T16:47:14.605Z",
          "end": "2022-05-04T16:47:15.121Z",
          "duration": 516,
          "state": "passed",
          "screenshots": [
            "/Users/canvas/Documents/Projects/hz/apps/project-x/e2e/results/html/file-1651682835120.jpeg"
          ]
        },
        {
          "title": "should change text size",
          "start": "2022-05-04T16:47:15.121Z",
          "duration": 0,
          "state": "skipped"
        },
        {
          "title": "should change text font",
          "start": "2022-05-04T16:47:15.121Z",
          "duration": 0,
          "state": "skipped"
        }
      ],
      "hooks": [
        {
          "start": "2022-05-04T16:47:15.122Z",
          "end": "2022-05-04T16:47:22.227Z",
          "duration": 7105,
          "title": "\"after all\" hook for Project X: Add text and modify properties",
          "associatedSuite": "Project X: Add text and modify properties"
        }
      ]
    }
  ],
  "specs": [
    "/Users/canvas/Documents/Projects/hz/apps/project-x/e2e/src/specs/x.change.text.font.spec.ts"
  ],
  "state": {
    "passed": 5,
    "failed": 0,
    "skipped": 2
  }
}