{
  "start": "2022-05-04T16:45:20.444Z",
  "end": "2022-05-04T16:45:47.768Z",
  "capabilities": {
    "acceptInsecureCerts": false,
    "browserName": "chrome",
    "browserVersion": "101.0.4951.41",
    "chrome": {
      "chromedriverVersion": "101.0.4951.41 (93c720db8323b3ec10d056025ab95c23a31997c9-refs/branch-heads/4951@{#904})",
      "userDataDir": "/var/folders/zz/zyxvpxvq6csfxvn_n0000000000000/T/.com.google.Chrome.QNG54w"
    },
    "goog:chromeOptions": {
      "debuggerAddress": "localhost:52220"
    },
    "networkConnectionEnabled": false,
    "pageLoadStrategy": "eager",
    "platformName": "mac os x",
    "proxy": {},
    "setWindowRect": true,
    "strictFileInteractability": false,
    "timeouts": {
      "implicit": 0,
      "pageLoad": 300000,
      "script": 30000
    },
    "unhandledPromptBehavior": "dismiss and notify",
    "webauthn:extension:credBlob": true,
    "webauthn:extension:largeBlob": true,
    "webauthn:virtualAuthenticators": true,
    "sessionId": "e388bd93aaa4391d8ed86fbccb1a6e11"
  },
  "host": "localhost",
  "port": 9515,
  "baseUrl": "https://localhost.adobe.com:8080/new",
  "framework": "mocha",
  "duration": 27324,
  "suites": [
    {
      "title": "Project X: Add elements to canvas",
      "duration": 26441,
      "start": "2022-05-04T16:45:20.449Z",
      "end": "2022-05-04T16:45:46.890Z",
      "tests": [
        {
          "title": "should land on Project X Canvas page",
          "start": "2022-05-04T16:45:20.450Z",
          "end": "2022-05-04T16:45:38.431Z",
          "duration": 17981,
          "state": "passed",
          "screenshots": [
            "/Users/canvas/Documents/Projects/hz/apps/project-x/e2e/results/html/file-1651682738429.jpeg"
          ]
        },
        {
          "title": "should add a rectangle to Canvas",
          "start": "2022-05-04T16:45:38.431Z",
          "end": "2022-05-04T16:45:39.180Z",
          "duration": 749,
          "state": "passed",
          "screenshots": [
            "/Users/canvas/Documents/Projects/hz/apps/project-x/e2e/results/html/file-1651682739180.jpeg"
          ]
        },
        {
          "title": "should add a ellipse to Canvas",
          "start": "2022-05-04T16:45:39.180Z",
          "end": "2022-05-04T16:45:39.849Z",
          "duration": 669,
          "state": "passed",
          "screenshots": [
            "/Users/canvas/Documents/Projects/hz/apps/project-x/e2e/results/html/file-1651682739848.jpeg"
          ]
        },
        {
          "title": "should add a line to Canvas",
          "start": "2022-05-04T16:45:39.849Z",
          "end": "2022-05-04T16:45:40.503Z",
          "duration": 654,
          "state": "passed",
          "screenshots": [
            "/Users/canvas/Documents/Projects/hz/apps/project-x/e2e/results/html/file-1651682740503.jpeg"
          ]
        }
      ],
      "hooks": [
        {
          "start": "2022-05-04T16:45:40.504Z",
          "end": "2022-05-04T16:45:46.889Z",
          "duration": 6385,
          "title": "\"after all\" hook for Project X: Add elements to canvas",
          "associatedSuite": "Project X: Add elements to canvas"
        }
      ]
    }
  ],
  "specs": [
    "/Users/canvas/Documents/Projects/hz/apps/project-x/e2e/src/specs/x.add.elements.spec.ts"
  ],
  "state": {
    "passed": 4,
    "failed": 0,
    "skipped": 0
  }
}